Using pre-set license
Built from '2020.3/staging' branch; Version is '2020.3.24f1 (79c78de19888) revision 7980941'; Using compiler version '192528614'; Build Type 'Release'
OS: 'Windows 10  (10.0.19042) 64bit CoreSingleLanguage' Language: 'pt' Physical Memory: 8075 MB
BatchMode: 1, IsHumanControllingUs: 0, StartBugReporterOnCrash: 0, Is64bit: 1, IsPro: 0

COMMAND LINE ARGUMENTS:
C:\Program Files\Unity\Hub\Editor\2020.3.24f1\Editor\Unity.exe
-adb2
-batchMode
-noUpm
-name
AssetImportWorker3
-projectPath
C:/Users/PEDRO/Documents/GitHub/#d_
-logFile
Logs/AssetImportWorker3.log
-srvPort
59336
Successfully changed project path to: C:/Users/PEDRO/Documents/GitHub/#d_
C:/Users/PEDRO/Documents/GitHub/#d_
Using Asset Import Pipeline V2.
